<?xml version="1.0" encoding="UTF-8"?><testsuite errors="1" failures="0" name="Validar botón &quot;Leer Mas&quot; del item &quot;cursos y certificaciones" skipped="0" tests="1" time="60.33" timestamp="2019-11-07 12:48:22"><testcase name="Validar Botón &quot;Leer Mas&quot; en el vinculo &quot;Cursos y certificaciones&quot;"><error message="The following error occurred: unknown error: Element &lt;a href=&quot;http://paginaweb.choucairtesting.com/?page_id=270&quot; class=&quot;elementor-button-link elementor-button elementor-size-xs&quot; role=&quot;button&quot;&gt;...&lt;/a&gt; is not clickable at point (335, 571). Other element would receive the click: &lt;img width=&quot;1024&quot; height=&quot;862&quot; src=&quot;https://www.choucairtesting.com/wp-content/uploads/2019/07/capacidades_2-1024x862.png&quot; class=&quot;attachment-large size-large&quot; alt=&quot;&quot; srcset=&quot;https://www.choucairtesting.com/wp-content/uploads/2019/07/capacidades_2-1024x862.png 1024w, https://www.choucairtesting.com/wp-content/uploads/2019/07/capacidades_2-300x253.png 300w, https://www.choucairtesting.com/wp-content/uploads/2019/07/capacidades_2-768x647.png 768w, https://www.choucairtesting.com/wp-content/uploads/2019/07/capacidades_2-640x539.png 640w, https://www.choucairtesting.com/wp-content/uploads/2019/07/capacidades_2-830x699.png 830w, https://www.choucairtesting.com/wp-content/uploads/2019/07/capacidades_2-230x194.png 230w, https://www.choucairtesting.com/wp-content/uploads/2019/07/capacidades_2-350x295.png 350w, https://www.choucairtesting.com/wp-content/uploads/2019/07/capacidades_2-480x404.png 480w, https://www.choucairtesting.com/wp-content/uploads/2019/07/capacidades_2.png 1242w&quot; sizes=&quot;(max-width: 1024px) 100vw, 1024px&quot;&gt;&#10;  (Session info: chrome=78.0.3904.87)&#10;  (Driver info: chromedriver=2.44.609538 (b655c5a60b0b544917107a59d4153d4bf78e1b90),platform=Windows NT 6.1.7601 SP1 x86) (WARNING: The server did not provide any stacktrace information)&#10;Command duration or timeout: 0 milliseconds&#10;Build info: version: '3.11.0', revision: 'e59cfb3', time: '2018-03-11T20:26:55.152Z'&#10;System info: host: 'CANDADO-PC', ip: '192.168.1.2', os.name: 'Windows 7', os.arch: 'x86', os.version: '6.1', java.version: '1.8.0_221'&#10;Driver info: org.openqa.selenium.remote.RemoteWebDriver&#10;Capabilities {acceptInsecureCerts: false, acceptSslCerts: false, applicationCacheEnabled: false, browserConnectionEnabled: false, browserName: chrome, chrome: {chromedriverVersion: 2.44.609538 (b655c5a60b0b54..., userDataDir: C:\Users\Candado\AppData\Lo...}, cssSelectorsEnabled: true, databaseEnabled: false, goog:chromeOptions: {debuggerAddress: localhost:50511}, handlesAlerts: true, hasTouchScreen: false, javascriptEnabled: true, locationContextEnabled: true, mobileEmulationEnabled: false, nativeEvents: true, networkConnectionEnabled: false, pageLoadStrategy: normal, platform: XP, platformName: XP, rotatable: false, setWindowRect: true, takesHeapSnapshot: true, takesScreenshot: true, unexpectedAlertBehaviour: ignore, unhandledPromptBehavior: ignore, version: 78.0.3904.87, webStorageEnabled: true}&#10;Session ID: f55f9696db654fe06649d58f7502f7f2" type="org.openqa.selenium.WebDriverException">The following error occurred: unknown error: Element &lt;a href="http://paginaweb.choucairtesting.com/?page_id=270" class="elementor-button-link elementor-button elementor-size-xs" role="button"&gt;...&lt;/a&gt; is not clickable at point (335, 571). Other element would receive the click: &lt;img width="1024" height="862" src="https://www.choucairtesting.com/wp-content/uploads/2019/07/capacidades_2-1024x862.png" class="attachment-large size-large" alt="" srcset="https://www.choucairtesting.com/wp-content/uploads/2019/07/capacidades_2-1024x862.png 1024w, https://www.choucairtesting.com/wp-content/uploads/2019/07/capacidades_2-300x253.png 300w, https://www.choucairtesting.com/wp-content/uploads/2019/07/capacidades_2-768x647.png 768w, https://www.choucairtesting.com/wp-content/uploads/2019/07/capacidades_2-640x539.png 640w, https://www.choucairtesting.com/wp-content/uploads/2019/07/capacidades_2-830x699.png 830w, https://www.choucairtesting.com/wp-content/uploads/2019/07/capacidades_2-230x194.png 230w, https://www.choucairtesting.com/wp-content/uploads/2019/07/capacidades_2-350x295.png 350w, https://www.choucairtesting.com/wp-content/uploads/2019/07/capacidades_2-480x404.png 480w, https://www.choucairtesting.com/wp-content/uploads/2019/07/capacidades_2.png 1242w" sizes="(max-width: 1024px) 100vw, 1024px"&gt;
  (Session info: chrome=78.0.3904.87)
  (Driver info: chromedriver=2.44.609538 (b655c5a60b0b544917107a59d4153d4bf78e1b90),platform=Windows NT 6.1.7601 SP1 x86) (WARNING: The server did not provide any stacktrace information)
Command duration or timeout: 0 milliseconds
Build info: version: '3.11.0', revision: 'e59cfb3', time: '2018-03-11T20:26:55.152Z'
System info: host: 'CANDADO-PC', ip: '192.168.1.2', os.name: 'Windows 7', os.arch: 'x86', os.version: '6.1', java.version: '1.8.0_221'
Driver info: org.openqa.selenium.remote.RemoteWebDriver
Capabilities {acceptInsecureCerts: false, acceptSslCerts: false, applicationCacheEnabled: false, browserConnectionEnabled: false, browserName: chrome, chrome: {chromedriverVersion: 2.44.609538 (b655c5a60b0b54..., userDataDir: C:\Users\Candado\AppData\Lo...}, cssSelectorsEnabled: true, databaseEnabled: false, goog:chromeOptions: {debuggerAddress: localhost:50511}, handlesAlerts: true, hasTouchScreen: false, javascriptEnabled: true, locationContextEnabled: true, mobileEmulationEnabled: false, nativeEvents: true, networkConnectionEnabled: false, pageLoadStrategy: normal, platform: XP, platformName: XP, rotatable: false, setWindowRect: true, takesHeapSnapshot: true, takesScreenshot: true, unexpectedAlertBehaviour: ignore, unhandledPromptBehavior: ignore, version: 78.0.3904.87, webStorageEnabled: true}
Session ID: f55f9696db654fe06649d58f7502f7f2</error><system-err>The following error occurred: unknown error: Element &lt;a href="http://paginaweb.choucairtesting.com/?page_id=270" class="elementor-button-link elementor-button elementor-size-xs" role="button"&gt;...&lt;/a&gt; is not clickable at point (335, 571). Other element would receive the click: &lt;img width="1024" height="862" src="https://www.choucairtesting.com/wp-content/uploads/2019/07/capacidades_2-1024x862.png" class="attachment-large size-large" alt="" srcset="https://www.choucairtesting.com/wp-content/uploads/2019/07/capacidades_2-1024x862.png 1024w, https://www.choucairtesting.com/wp-content/uploads/2019/07/capacidades_2-300x253.png 300w, https://www.choucairtesting.com/wp-content/uploads/2019/07/capacidades_2-768x647.png 768w, https://www.choucairtesting.com/wp-content/uploads/2019/07/capacidades_2-640x539.png 640w, https://www.choucairtesting.com/wp-content/uploads/2019/07/capacidades_2-830x699.png 830w, https://www.choucairtesting.com/wp-content/uploads/2019/07/capacidades_2-230x194.png 230w, https://www.choucairtesting.com/wp-content/uploads/2019/07/capacidades_2-350x295.png 350w, https://www.choucairtesting.com/wp-content/uploads/2019/07/capacidades_2-480x404.png 480w, https://www.choucairtesting.com/wp-content/uploads/2019/07/capacidades_2.png 1242w" sizes="(max-width: 1024px) 100vw, 1024px"&gt;
  (Session info: chrome=78.0.3904.87)
  (Driver info: chromedriver=2.44.609538 (b655c5a60b0b544917107a59d4153d4bf78e1b90),platform=Windows NT 6.1.7601 SP1 x86) (WARNING: The server did not provide any stacktrace information)
Command duration or timeout: 0 milliseconds
Build info: version: '3.11.0', revision: 'e59cfb3', time: '2018-03-11T20:26:55.152Z'
System info: host: 'CANDADO-PC', ip: '192.168.1.2', os.name: 'Windows 7', os.arch: 'x86', os.version: '6.1', java.version: '1.8.0_221'
Driver info: org.openqa.selenium.remote.RemoteWebDriver
Capabilities {acceptInsecureCerts: false, acceptSslCerts: false, applicationCacheEnabled: false, browserConnectionEnabled: false, browserName: chrome, chrome: {chromedriverVersion: 2.44.609538 (b655c5a60b0b54..., userDataDir: C:\Users\Candado\AppData\Lo...}, cssSelectorsEnabled: true, databaseEnabled: false, goog:chromeOptions: {debuggerAddress: localhost:50511}, handlesAlerts: true, hasTouchScreen: false, javascriptEnabled: true, locationContextEnabled: true, mobileEmulationEnabled: false, nativeEvents: true, networkConnectionEnabled: false, pageLoadStrategy: normal, platform: XP, platformName: XP, rotatable: false, setWindowRect: true, takesHeapSnapshot: true, takesScreenshot: true, unexpectedAlertBehaviour: ignore, unhandledPromptBehavior: ignore, version: 78.0.3904.87, webStorageEnabled: true}
Session ID: f55f9696db654fe06649d58f7502f7f2&#13;
co.com.test.tasks.Entrar.performAs(Entrar.java:19)&#13;
co.com.test.stepdefinitions.ValidarBotonLeerMasStepDefinition.validarQueElBotónDeLeerMasHaceLoEspecificado(ValidarBotonLeerMasStepDefinition.java:32)&#13;
cucumber.runner.Runner.runPickle(Runner.java:80)&#13;
</system-err></testcase></testsuite>