<?xml version="1.0" encoding="UTF-8"?><testsuite errors="1" failures="0" name="Validar botón &quot;Cursos y Certificaciones&quot;" skipped="0" tests="1" time="42.34" timestamp="2019-11-28 06:56:43"><testcase name="Validar Botón &quot;Cursos y Certificaciones&quot; del Portafolio de Soluciones"><error message="The following error occurred: unknown error: Element &lt;strong&gt;...&lt;/strong&gt; is not clickable at point (337, 587). Other element would receive the click: &lt;div id=&quot;cookie-law-info-bar&quot; style=&quot;background-color: rgb(255, 255, 255); color: rgb(0, 0, 0); font-family: inherit; bottom: 0px; position: fixed; display: block;&quot;&gt;...&lt;/div&gt;&#10;  (Session info: chrome=78.0.3904.108)&#10;  (Driver info: chromedriver=2.44.609538 (b655c5a60b0b544917107a59d4153d4bf78e1b90),platform=Windows NT 6.1.7601 SP1 x86) (WARNING: The server did not provide any stacktrace information)&#10;Command duration or timeout: 0 milliseconds&#10;Build info: version: '3.11.0', revision: 'e59cfb3', time: '2018-03-11T20:26:55.152Z'&#10;System info: host: 'CANDADO-PC', ip: '192.168.0.21', os.name: 'Windows 7', os.arch: 'x86', os.version: '6.1', java.version: '1.8.0_221'&#10;Driver info: org.openqa.selenium.remote.RemoteWebDriver&#10;Capabilities {acceptInsecureCerts: false, acceptSslCerts: false, applicationCacheEnabled: false, browserConnectionEnabled: false, browserName: chrome, chrome: {chromedriverVersion: 2.44.609538 (b655c5a60b0b54..., userDataDir: C:\Users\Candado\AppData\Lo...}, cssSelectorsEnabled: true, databaseEnabled: false, goog:chromeOptions: {debuggerAddress: localhost:51868}, handlesAlerts: true, hasTouchScreen: false, javascriptEnabled: true, locationContextEnabled: true, mobileEmulationEnabled: false, nativeEvents: true, networkConnectionEnabled: false, pageLoadStrategy: normal, platform: XP, platformName: XP, rotatable: false, setWindowRect: true, takesHeapSnapshot: true, takesScreenshot: true, unexpectedAlertBehaviour: ignore, unhandledPromptBehavior: ignore, version: 78.0.3904.108, webStorageEnabled: true}&#10;Session ID: 71d333e3894242af48d9e5c0fbe09ada" type="org.openqa.selenium.WebDriverException">The following error occurred: unknown error: Element &lt;strong&gt;...&lt;/strong&gt; is not clickable at point (337, 587). Other element would receive the click: &lt;div id="cookie-law-info-bar" style="background-color: rgb(255, 255, 255); color: rgb(0, 0, 0); font-family: inherit; bottom: 0px; position: fixed; display: block;"&gt;...&lt;/div&gt;
  (Session info: chrome=78.0.3904.108)
  (Driver info: chromedriver=2.44.609538 (b655c5a60b0b544917107a59d4153d4bf78e1b90),platform=Windows NT 6.1.7601 SP1 x86) (WARNING: The server did not provide any stacktrace information)
Command duration or timeout: 0 milliseconds
Build info: version: '3.11.0', revision: 'e59cfb3', time: '2018-03-11T20:26:55.152Z'
System info: host: 'CANDADO-PC', ip: '192.168.0.21', os.name: 'Windows 7', os.arch: 'x86', os.version: '6.1', java.version: '1.8.0_221'
Driver info: org.openqa.selenium.remote.RemoteWebDriver
Capabilities {acceptInsecureCerts: false, acceptSslCerts: false, applicationCacheEnabled: false, browserConnectionEnabled: false, browserName: chrome, chrome: {chromedriverVersion: 2.44.609538 (b655c5a60b0b54..., userDataDir: C:\Users\Candado\AppData\Lo...}, cssSelectorsEnabled: true, databaseEnabled: false, goog:chromeOptions: {debuggerAddress: localhost:51868}, handlesAlerts: true, hasTouchScreen: false, javascriptEnabled: true, locationContextEnabled: true, mobileEmulationEnabled: false, nativeEvents: true, networkConnectionEnabled: false, pageLoadStrategy: normal, platform: XP, platformName: XP, rotatable: false, setWindowRect: true, takesHeapSnapshot: true, takesScreenshot: true, unexpectedAlertBehaviour: ignore, unhandledPromptBehavior: ignore, version: 78.0.3904.108, webStorageEnabled: true}
Session ID: 71d333e3894242af48d9e5c0fbe09ada</error><system-err>The following error occurred: unknown error: Element &lt;strong&gt;...&lt;/strong&gt; is not clickable at point (337, 587). Other element would receive the click: &lt;div id="cookie-law-info-bar" style="background-color: rgb(255, 255, 255); color: rgb(0, 0, 0); font-family: inherit; bottom: 0px; position: fixed; display: block;"&gt;...&lt;/div&gt;
  (Session info: chrome=78.0.3904.108)
  (Driver info: chromedriver=2.44.609538 (b655c5a60b0b544917107a59d4153d4bf78e1b90),platform=Windows NT 6.1.7601 SP1 x86) (WARNING: The server did not provide any stacktrace information)
Command duration or timeout: 0 milliseconds
Build info: version: '3.11.0', revision: 'e59cfb3', time: '2018-03-11T20:26:55.152Z'
System info: host: 'CANDADO-PC', ip: '192.168.0.21', os.name: 'Windows 7', os.arch: 'x86', os.version: '6.1', java.version: '1.8.0_221'
Driver info: org.openqa.selenium.remote.RemoteWebDriver
Capabilities {acceptInsecureCerts: false, acceptSslCerts: false, applicationCacheEnabled: false, browserConnectionEnabled: false, browserName: chrome, chrome: {chromedriverVersion: 2.44.609538 (b655c5a60b0b54..., userDataDir: C:\Users\Candado\AppData\Lo...}, cssSelectorsEnabled: true, databaseEnabled: false, goog:chromeOptions: {debuggerAddress: localhost:51868}, handlesAlerts: true, hasTouchScreen: false, javascriptEnabled: true, locationContextEnabled: true, mobileEmulationEnabled: false, nativeEvents: true, networkConnectionEnabled: false, pageLoadStrategy: normal, platform: XP, platformName: XP, rotatable: false, setWindowRect: true, takesHeapSnapshot: true, takesScreenshot: true, unexpectedAlertBehaviour: ignore, unhandledPromptBehavior: ignore, version: 78.0.3904.108, webStorageEnabled: true}
Session ID: 71d333e3894242af48d9e5c0fbe09ada&#13;
co.com.test.tasks.EntrarACursos.performAs(EntrarACursos.java:21)&#13;
co.com.test.stepdefinitions.ValidarCursosStepDefinition.validarQueElBotónCursosYCertificacionesDirigeALaInformacionRequerida(ValidarCursosStepDefinition.java:30)&#13;
cucumber.runner.Runner.runPickle(Runner.java:80)&#13;
</system-err></testcase></testsuite>